2019-01-19T01:41:32.196Z - info: HTTP GET - 200 - /api-docs/json (4ms)
2019-01-19T01:41:32.600Z - info: HTTP POST - 201 - /users (252ms)
2019-01-19T01:41:50.331Z - warn: HTTP GET - 401 - / (3ms)
2019-01-19T01:41:50.365Z - warn: HTTP GET - 401 - /favicon.ico (1ms)
2019-01-19T01:42:23.104Z - warn: HTTP GET - 401 - / (1ms)
2019-01-19T01:42:23.858Z - warn: HTTP GET - 401 - / (0ms)
2019-01-19T01:42:25.166Z - info: HTTP GET - 301 - /api-docs (2ms)
2019-01-19T01:42:25.173Z - info: HTTP GET - 200 - /api-docs/ (2ms)
2019-01-19T01:42:25.211Z - info: HTTP GET - 200 - /api-docs/swagger-ui.css (29ms)
2019-01-19T01:42:25.224Z - info: HTTP GET - 200 - /api-docs/swagger-ui-init.js (37ms)
2019-01-19T01:42:25.362Z - info: HTTP GET - 200 - /api-docs/swagger-ui-standalone-preset.js (176ms)
2019-01-19T01:42:25.469Z - info: HTTP GET - 200 - /api-docs/swagger-ui-bundle.js (284ms)
2019-01-19T01:42:26.869Z - info: HTTP GET - 200 - /api-docs/favicon-32x32.png (21ms)
2019-01-19T01:42:26.878Z - info: HTTP GET - 200 - /api-docs/favicon-16x16.png (31ms)
2019-01-19T01:43:02.863Z - info: HTTP POST - 200 - /users/authentication (101ms)
2019-01-19T01:44:55.027Z - info: HTTP GET - 200 - /apis?name=faker&version=1.0.0&description=Fake%20API&path=%2Ffaker (1ms)
2019-01-19T01:47:03.976Z - warn: HTTP GET - 401 - / (1ms)
2019-01-19T01:48:01.746Z - warn: HTTP GET - 401 - / (4ms)
2019-01-19T01:48:03.255Z - warn: HTTP GET - 401 - / (0ms)
2019-01-19T02:08:05.299Z - info: HTTP GET - 200 - /gateway (2ms)
