0 info it worked if it ends with ok
1 verbose cli [ '/Users/jheinnic/Git/zumeProto/js-frontend/src/main/webapp/node/node',
1 verbose cli   '/Users/jheinnic/Git/zumeProto/js-frontend/src/main/webapp/node/node_modules/npm/bin/npm-cli.js',
1 verbose cli   'run',
1 verbose cli   'build' ]
2 info using npm@3.10.10
3 info using node@v6.10.2
4 verbose run-script [ 'prebuild', 'build', 'postbuild' ]
5 info lifecycle vendors.portal-webui@0.0.0~prebuild: vendors.portal-webui@0.0.0
6 silly lifecycle vendors.portal-webui@0.0.0~prebuild: no script for prebuild, continuing
7 info lifecycle vendors.portal-webui@0.0.0~build: vendors.portal-webui@0.0.0
8 verbose lifecycle vendors.portal-webui@0.0.0~build: unsafe-perm in lifecycle true
9 verbose lifecycle vendors.portal-webui@0.0.0~build: PATH: /Users/jheinnic/Git/zumeProto/js-frontend/src/main/webapp/node/node_modules/npm/bin/node-gyp-bin:/Users/jheinnic/Git/zumeProto/js-frontend/src/main/webapp/node_modules/.bin:/Users/jheinnic/Git/zumeProto/js-frontend/src/main/webapp/node:/usr/bin:/bin:/usr/sbin:/sbin:
10 verbose lifecycle vendors.portal-webui@0.0.0~build: CWD: /Users/jheinnic/Git/zumeProto/js-frontend/src/main/webapp
11 silly lifecycle vendors.portal-webui@0.0.0~build: Args: [ '-c', 'ng build' ]
12 silly lifecycle vendors.portal-webui@0.0.0~build: Returned: code: 1  signal: null
13 info lifecycle vendors.portal-webui@0.0.0~build: Failed to exec build script
14 verbose stack Error: vendors.portal-webui@0.0.0 build: `ng build`
14 verbose stack Exit status 1
14 verbose stack     at EventEmitter.<anonymous> (/Users/jheinnic/Git/zumeProto/js-frontend/src/main/webapp/node/node_modules/npm/lib/utils/lifecycle.js:255:16)
14 verbose stack     at emitTwo (events.js:106:13)
14 verbose stack     at EventEmitter.emit (events.js:191:7)
14 verbose stack     at ChildProcess.<anonymous> (/Users/jheinnic/Git/zumeProto/js-frontend/src/main/webapp/node/node_modules/npm/lib/utils/spawn.js:40:14)
14 verbose stack     at emitTwo (events.js:106:13)
14 verbose stack     at ChildProcess.emit (events.js:191:7)
14 verbose stack     at maybeClose (internal/child_process.js:886:16)
14 verbose stack     at Process.ChildProcess._handle.onexit (internal/child_process.js:226:5)
15 verbose pkgid vendors.portal-webui@0.0.0
16 verbose cwd /Users/jheinnic/Git/zumeProto/js-frontend/src/main/webapp
17 error Darwin 17.4.0
18 error argv "/Users/jheinnic/Git/zumeProto/js-frontend/src/main/webapp/node/node" "/Users/jheinnic/Git/zumeProto/js-frontend/src/main/webapp/node/node_modules/npm/bin/npm-cli.js" "run" "build"
19 error node v6.10.2
20 error npm  v3.10.10
21 error code ELIFECYCLE
22 error vendors.portal-webui@0.0.0 build: `ng build`
22 error Exit status 1
23 error Failed at the vendors.portal-webui@0.0.0 build script 'ng build'.
23 error Make sure you have the latest version of node.js and npm installed.
23 error If you do, this is most likely a problem with the vendors.portal-webui package,
23 error not with npm itself.
23 error Tell the author that this fails on your system:
23 error     ng build
23 error You can get information on how to open an issue for this project with:
23 error     npm bugs vendors.portal-webui
23 error Or if that isn't available, you can get their info via:
23 error     npm owner ls vendors.portal-webui
23 error There is likely additional logging output above.
24 verbose exit [ 1, true ]
