Arguments: 
  /Users/jheinnic/.nvm/versions/node/v8.9.3/bin/node /Users/jheinnic/.yarn/bin/yarn.js init

PATH: 
  /Users/jheinnic/.yarn/bin:/usr/local/opt/bison/bin:/usr/local/opt/openssl@1.1/bin:/Users/jheinnic/.nvm/versions/node/v8.9.3/bin:/Library/Java/Home/bin:/usr/local/bin:/usr/bin:/bin:/usr/local/sbin:/usr/sbin:/sbin:/opt/homebrew-cask/Caskroom/p4merge/2014.3-1007540/p4merge.app/Contents/MacOS:/opt/sts-3_9_0/STS.app/Contents/MacOS:/opt/apache-tomcat-8.0.30/bin:/usr/local/opt/mysql@5.6/bin:/opt/visualvm_138/bin:/usr/local/opt/go/libexec/bin:/Applications/Android Studio.app/Contents/MacOS:/Users/jheinnic/Library/Android/sdk/platform-tools:/Users/jheinnic/Library/Android/sdk/tools

Yarn version: 
  1.3.2

Node version: 
  8.9.3

Platform: 
  darwin x64

npm manifest: 
  No manifest

yarn manifest: 
  No manifest

Lockfile: 
  No lockfile

Trace: 
  Error: canceled
      at Interface.<anonymous> (/Users/jheinnic/.yarn/lib/cli.js:121045:13)
      at emitNone (events.js:106:13)
      at Interface.emit (events.js:208:7)
      at Interface._ttyWrite (readline.js:775:16)
      at ReadStream.onkeypress (readline.js:160:10)
      at emitTwo (events.js:126:13)
      at ReadStream.emit (events.js:214:7)
      at emitKeys (internal/readline.js:420:14)
      at emitKeys.next (<anonymous>)
      at ReadStream.onData (readline.js:1011:36)
